Added Pin To Net: NetName=TDI Pin=U1-15
Added Pin To Net: NetName=3V3 Pin=U1-17
Added Pin To Net: NetName=TDO Pin=U1-20
Added Pin To Net: NetName=CLKUSR Pin=U1-21
Added Pin To Net: NetName=FPGA_CLK Pin=U1-22
Added Pin To Net: NetName=3V3 Pin=U1-26
Added Pin To Net: NetName=1V2 Pin=U1-29
Added Pin To Net: NetName=2V5 Pin=U1-35
Change Net Name : Old Net Name=NetR5_2 New Net Name=nSTATUS
Added Pin To Net: NetName=NetR6_2 Pin=R6-2
Added Pin To Net: NetName=NetR6_2 Pin=U2-8
Added Net: Name=NetR6_2
Added Pin To Net: NetName=NetR7_2 Pin=R7-2
Added Pin To Net: NetName=NetR7_2 Pin=U2-3
Added Net: Name=NetR7_2
Added Pin To Net: NetName=NetR8_2 Pin=R8-2
Added Pin To Net: NetName=NetR8_2 Pin=U2-9
Added Net: Name=NetR8_2
Added Pin To Net: NetName=NetR10_2 Pin=R10-2
Added Pin To Net: NetName=NetR10_2 Pin=U2-1
Added Net: Name=NetR10_2
